Flutter crash report.
Please report a bug at https://github.com/flutter/flutter/issues.

## command

flutter run --machine --start-paused -d 162a2b21 --dart-define=flutter.inspector.structuredErrors=true --web-allow-expose-url --devtools-server-address http://127.0.0.1:9100/ --target lib\main.dart

## exception

FileSystemException: FileSystemException: Cannot open file, path = 'C:\Users\salih\AppData\Local\Temp\flutter_tools.bd3e033b\flutter_tool.29fb4fdb\app.dill.incremental.dill' (OS Error: The system cannot find the path specified.
, errno = 3)

```
#0      _File.throwIfError (dart:io/file_impl.dart:635:7)
#1      _File.openSync (dart:io/file_impl.dart:479:5)
#2      _File.readAsBytesSync (dart:io/file_impl.dart:539:18)
#3      ForwardingFile.readAsBytesSync (package:file/src/forwarding/forwarding_file.dart:88:43)
#4      ForwardingFile.readAsBytesSync (package:file/src/forwarding/forwarding_file.dart:88:43)
#5      StdoutHandler.handler (package:flutter_tools/src/compile.dart:121:53)
#6      _rootRunUnary (dart:async/zone.dart:1436:47)
#7      _CustomZone.runUnary (dart:async/zone.dart:1335:19)
#8      _CustomZone.runUnaryGuarded (dart:async/zone.dart:1244:7)
#9      _BufferingStreamSubscription._sendData (dart:async/stream_impl.dart:341:11)
#10     _BufferingStreamSubscription._add (dart:async/stream_impl.dart:271:7)
#11     _SinkTransformerStreamSubscription._add (dart:async/stream_transformers.dart:63:11)
#12     _EventSinkWrapper.add (dart:async/stream_transformers.dart:13:11)
#13     _StringAdapterSink.add (dart:convert/string_conversion.dart:238:11)
#14     _LineSplitterSink._addLines (dart:convert/line_splitter.dart:151:13)
#15     _LineSplitterSink.addSlice (dart:convert/line_splitter.dart:126:5)
#16     StringConversionSinkMixin.add (dart:convert/string_conversion.dart:163:5)
#17     _SinkTransformerStreamSubscription._handleData (dart:async/stream_transformers.dart:111:24)
#18     _rootRunUnary (dart:async/zone.dart:1436:47)
#19     _CustomZone.runUnary (dart:async/zone.dart:1335:19)
#20     _CustomZone.runUnaryGuarded (dart:async/zone.dart:1244:7)
#21     _BufferingStreamSubscription._sendData (dart:async/stream_impl.dart:341:11)
#22     _BufferingStreamSubscription._add (dart:async/stream_impl.dart:271:7)
#23     _SinkTransformerStreamSubscription._add (dart:async/stream_transformers.dart:63:11)
#24     _EventSinkWrapper.add (dart:async/stream_transformers.dart:13:11)
#25     _StringAdapterSink.add (dart:convert/string_conversion.dart:238:11)
#26     _StringAdapterSink.addSlice (dart:convert/string_conversion.dart:243:7)
#27     _Utf8ConversionSink.addSlice (dart:convert/string_conversion.dart:317:20)
#28     _Utf8ConversionSink.add (dart:convert/string_conversion.dart:310:5)
#29     _ConverterStreamEventSink.add (dart:convert/chunked_conversion.dart:72:18)
#30     _SinkTransformerStreamSubscription._handleData (dart:async/stream_transformers.dart:111:24)
#31     _rootRunUnary (dart:async/zone.dart:1436:47)
#32     _CustomZone.runUnary (dart:async/zone.dart:1335:19)
#33     _CustomZone.runUnaryGuarded (dart:async/zone.dart:1244:7)
#34     _BufferingStreamSubscription._sendData (dart:async/stream_impl.dart:341:11)
#35     _BufferingStreamSubscription._add (dart:async/stream_impl.dart:271:7)
#36     _SyncStreamControllerDispatch._sendData (dart:async/stream_controller.dart:733:19)
#37     _StreamController._add (dart:async/stream_controller.dart:607:7)
#38     _StreamController.add (dart:async/stream_controller.dart:554:5)
#39     _Socket._onData (dart:io-patch/socket_patch.dart:2166:41)
#40     _rootRunUnary (dart:async/zone.dart:1444:13)
#41     _CustomZone.runUnary (dart:async/zone.dart:1335:19)
#42     _CustomZone.runUnaryGuarded (dart:async/zone.dart:1244:7)
#43     _BufferingStreamSubscription._sendData (dart:async/stream_impl.dart:341:11)
#44     _BufferingStreamSubscription._add (dart:async/stream_impl.dart:271:7)
#45     _SyncStreamControllerDispatch._sendData (dart:async/stream_controller.dart:733:19)
#46     _StreamController._add (dart:async/stream_controller.dart:607:7)
#47     _StreamController.add (dart:async/stream_controller.dart:554:5)
#48     new _RawSocket.<anonymous closure> (dart:io-patch/socket_patch.dart:1702:33)
#49     _NativeSocket.issueReadEvent.issue (dart:io-patch/socket_patch.dart:1213:14)
#50     _microtaskLoop (dart:async/schedule_microtask.dart:40:21)
#51     _startMicrotaskLoop (dart:async/schedule_microtask.dart:49:5)
#52     _runPendingImmediateCallback (dart:isolate-patch/isolate_patch.dart:120:13)
#53     _RawReceivePortImpl._handleMessage (dart:isolate-patch/isolate_patch.dart:185:5)
```

## flutter doctor

```
[✓] Flutter (Channel stable, 2.5.1, on Microsoft Windows [Version 10.0.19042.1288], locale tr-TR)
    • Flutter version 2.5.1 at C:\Src\flutter
    • Upstream repository https://github.com/flutter/flutter.git
    • Framework revision ffb2ecea52 (7 weeks ago), 2021-09-17 15:26:33 -0400
    • Engine revision b3af521a05
    • Dart version 2.14.2

[!] Android toolchain - develop for Android devices (Android SDK version 30.0.3)
    • Android SDK at C:\Users\salih\AppData\Local\Android\sdk
    ✗ cmdline-tools component is missing
      Run `path/to/sdkmanager --install "cmdline-tools;latest"`
      See https://developer.android.com/studio/command-line for more details.
    ✗ Android license status unknown.
      Run `flutter doctor --android-licenses` to accept the SDK licenses.
      See https://flutter.dev/docs/get-started/install/windows#android-setup for more details.

[✓] Chrome - develop for the web
    • Chrome at C:\Program Files\Google\Chrome\Application\chrome.exe

[✓] Android Studio (version 4.1)
    • Android Studio at C:\Program Files\Android\Android Studio
    • Flutter plugin can be installed from:
      🔨 https://plugins.jetbrains.com/plugin/9212-flutter
    • Dart plugin can be installed from:
      🔨 https://plugins.jetbrains.com/plugin/6351-dart
    • Java version OpenJDK Runtime Environment (build 1.8.0_242-release-1644-b01)

[✓] VS Code (version 1.61.2)
    • VS Code at C:\Users\salih\AppData\Local\Programs\Microsoft VS Code
    • Flutter extension version 3.28.0

[✓] Connected device (3 available)
    • Redmi Note 8 (mobile) • 162a2b21 • android-arm64  • Android 10 (API 29)
    • Chrome (web)          • chrome   • web-javascript • Google Chrome 95.0.4638.69
    • Edge (web)            • edge     • web-javascript • Microsoft Edge 95.0.1020.30

! Doctor found issues in 1 category.
```
